<?xml version="1.0" encoding="UTF-8"?>
<testsuite name="com.example.demo.MtlsApplicationTests" tests="1" skipped="0" failures="0" errors="0" timestamp="2025-03-18T17:55:45.118Z" hostname="ilian-t14s" time="0.712">
  <properties/>
  <testcase name="contextLoads()" classname="com.example.demo.MtlsApplicationTests" time="0.712"/>
  <system-out><![CDATA[19:55:43.192 [Test worker] INFO org.springframework.test.context.support.AnnotationConfigContextLoaderUtils -- Could not detect default configuration classes for test class [com.example.demo.MtlsApplicationTests]: MtlsApplicationTests does not declare any static, non-private, non-final, nested classes annotated with @Configuration.
19:55:43.292 [Test worker] INFO org.springframework.boot.test.context.SpringBootTestContextBootstrapper -- Found @SpringBootConfiguration com.example.demo.MtlsApplication for test class com.example.demo.MtlsApplicationTests

  .   ____          _            __ _ _
 /\\ / ___'_ __ _ _(_)_ __  __ _ \ \ \ \
( ( )\___ | '_ | '_| | '_ \/ _` | \ \ \ \
 \\/  ___)| |_)| | | | | || (_| |  ) ) ) )
  '  |____| .__|_| |_|_| |_\__, | / / / /
 =========|_|==============|___/=/_/_/_/

 :: Spring Boot ::                (v3.4.3)

2025-03-18T19:55:43.635+02:00  INFO 18182 --- [mtls] [    Test worker] com.example.demo.MtlsApplicationTests    : Starting MtlsApplicationTests using Java 17.0.14 with PID 18182 (started by ilian in /home/ilian/eclipse-workspace/mtls)
2025-03-18T19:55:43.637+02:00  INFO 18182 --- [mtls] [    Test worker] com.example.demo.MtlsApplicationTests    : No active profile set, falling back to 1 default profile: "default"
2025-03-18T19:55:44.312+02:00  INFO 18182 --- [mtls] [    Test worker] RestClientConfig.java                    : STARTING CONFIG!!!
2025-03-18T19:55:44.465+02:00  INFO 18182 --- [mtls] [    Test worker] RestClientConfig.java                    : END CONFIG
2025-03-18T19:55:44.732+02:00  WARN 18182 --- [mtls] [    Test worker] ion$DefaultTemplateResolverConfiguration : Cannot find template location: classpath:/templates/ (please add some templates, check your Thymeleaf configuration, or set spring.thymeleaf.check-template-location=false)
2025-03-18T19:55:45.112+02:00  INFO 18182 --- [mtls] [    Test worker] com.example.demo.MtlsApplicationTests    : Started MtlsApplicationTests in 1.697 seconds (process running for 2.596)
]]></system-out>
  <system-err><![CDATA[]]></system-err>
</testsuite>
